2025-01-17 22:31:30,007 INFO o.t.i.Utils [main] [Utils] MethodGroupsHelper.collectMethodsByGroup() took 0 ms.
2025-01-17 22:31:30,010 INFO o.t.i.Utils [main] [Utils] MethodGroupsHelper.sortMethods() took 0 ms.
2025-01-17 22:31:30,018 INFO o.t.i.Utils [main] [TestNG] Running:
  C:\Users\Administrator\AppData\Local\Temp\testng-eclipse-1159764638\testng-customsuite.xml

2025-01-17 22:31:30,037 INFO o.t.i.Utils [main] [Utils] DynamicGraphHelper.createDynamicGraph() took 4 ms.
2025-01-17 22:31:32,692 INFO t.TC_01_add [main] *****Verifying addition started.*****
2025-01-17 22:31:33,334 ERROR t.TC_01_add [main] TEST FAILED, due to: test exception
2025-01-17 22:31:33,750 INFO o.t.i.Utils [main] [TestNG] Time taken by org.testng.reporters.jq.Main@228cea97: 77 ms
2025-01-17 22:31:33,764 INFO o.t.i.Utils [main] [TestNG] Time taken by org.testng.reporters.FailedReporter@7be7e15: 13 ms
2025-01-17 22:31:33,777 INFO o.t.i.Utils [main] [TestNG] Time taken by org.testng.reporters.XMLReporter@2aa6311a: 13 ms
2025-01-17 22:31:33,785 INFO o.t.i.Utils [main] [TestNG] Time taken by org.testng.reporters.EmailableReporter2@5fbdc49b: 8 ms
2025-01-17 22:31:33,792 INFO o.t.i.Utils [main] [TestNG] Time taken by org.testng.reporters.JUnitReportReporter@285f38f6: 6 ms
2025-01-17 22:31:33,792 INFO o.t.i.Utils [main] [TestNG] Time taken by org.testng.internal.ExitCodeListener@4e1459ea: 0 ms
2025-01-17 22:41:21,246 INFO o.t.i.Utils [main] [Utils] MethodGroupsHelper.collectMethodsByGroup() took 0 ms.
2025-01-17 22:41:21,252 INFO o.t.i.Utils [main] [Utils] MethodGroupsHelper.sortMethods() took 0 ms.
2025-01-17 22:41:21,254 INFO o.t.i.Utils [main] [Utils] MethodGroupsHelper.collectMethodsByGroup() took 0 ms.
2025-01-17 22:41:21,254 INFO o.t.i.Utils [main] [Utils] MethodGroupsHelper.sortMethods() took 0 ms.
2025-01-17 22:41:21,254 INFO o.t.i.Utils [main] [Utils] MethodGroupsHelper.collectMethodsByGroup() took 0 ms.
2025-01-17 22:41:21,255 INFO o.t.i.Utils [main] [Utils] MethodGroupsHelper.sortMethods() took 0 ms.
2025-01-17 22:41:21,255 INFO o.t.i.Utils [main] [Utils] MethodGroupsHelper.collectMethodsByGroup() took 0 ms.
2025-01-17 22:41:21,255 INFO o.t.i.Utils [main] [Utils] MethodGroupsHelper.sortMethods() took 0 ms.
2025-01-17 22:41:21,258 INFO o.t.i.Utils [main] [Utils] MethodGroupsHelper.collectMethodsByGroup() took 1 ms.
2025-01-17 22:41:21,270 INFO o.t.i.Utils [main] [Utils] MethodGroupsHelper.sortMethods() took 10 ms.
2025-01-17 22:41:21,271 INFO o.t.i.Utils [main] [Utils] MethodGroupsHelper.collectMethodsByGroup() took 0 ms.
2025-01-17 22:41:21,272 INFO o.t.i.Utils [main] [Utils] MethodGroupsHelper.sortMethods() took 1 ms.
2025-01-17 22:41:21,272 INFO o.t.i.Utils [main] [Utils] MethodGroupsHelper.collectMethodsByGroup() took 0 ms.
2025-01-17 22:41:21,272 INFO o.t.i.Utils [main] [Utils] MethodGroupsHelper.sortMethods() took 0 ms.
2025-01-17 22:41:21,273 INFO o.t.i.Utils [main] [Utils] MethodGroupsHelper.collectMethodsByGroup() took 0 ms.
2025-01-17 22:41:21,273 INFO o.t.i.Utils [main] [Utils] MethodGroupsHelper.sortMethods() took 0 ms.
2025-01-17 22:41:21,276 INFO o.t.i.Utils [main] [Utils] MethodGroupsHelper.collectMethodsByGroup() took 0 ms.
2025-01-17 22:41:21,276 INFO o.t.i.Utils [main] [Utils] MethodGroupsHelper.sortMethods() took 0 ms.
2025-01-17 22:41:21,277 INFO o.t.i.Utils [main] [Utils] MethodGroupsHelper.collectMethodsByGroup() took 0 ms.
2025-01-17 22:41:21,277 INFO o.t.i.Utils [main] [Utils] MethodGroupsHelper.sortMethods() took 0 ms.
2025-01-17 22:41:21,282 INFO o.t.i.Utils [main] [Utils] MethodGroupsHelper.collectMethodsByGroup() took 0 ms.
2025-01-17 22:41:21,282 INFO o.t.i.Utils [main] [Utils] MethodGroupsHelper.sortMethods() took 0 ms.
2025-01-17 22:41:21,282 INFO o.t.i.Utils [main] [Utils] MethodGroupsHelper.collectMethodsByGroup() took 0 ms.
2025-01-17 22:41:21,282 INFO o.t.i.Utils [main] [Utils] MethodGroupsHelper.sortMethods() took 0 ms.
2025-01-17 22:41:21,287 INFO o.t.i.Utils [main] [Utils] MethodGroupsHelper.collectMethodsByGroup() took 5 ms.
2025-01-17 22:41:21,287 INFO o.t.i.Utils [main] [Utils] MethodGroupsHelper.sortMethods() took 0 ms.
2025-01-17 22:41:21,289 INFO o.t.i.Utils [main] [Utils] MethodGroupsHelper.collectMethodsByGroup() took 0 ms.
2025-01-17 22:41:21,289 INFO o.t.i.Utils [main] [Utils] MethodGroupsHelper.sortMethods() took 0 ms.
2025-01-17 22:41:21,289 INFO o.t.i.Utils [main] [Utils] MethodGroupsHelper.collectMethodsByGroup() took 0 ms.
2025-01-17 22:41:21,289 INFO o.t.i.Utils [main] [Utils] MethodGroupsHelper.sortMethods() took 0 ms.
2025-01-17 22:41:21,296 INFO o.t.i.Utils [main] [TestNG] Running:
  C:\Users\Administrator\AppData\Local\Temp\testng-eclipse-233148080\testng-customsuite.xml

2025-01-17 22:41:21,315 INFO o.t.i.Utils [main] [Utils] DynamicGraphHelper.createDynamicGraph() took 3 ms.
2025-01-17 22:41:21,486 INFO o.t.i.Utils [main] [TestNG] Time taken by org.testng.reporters.jq.Main@3e2fc448: 66 ms
2025-01-17 22:41:21,502 INFO o.t.i.Utils [main] [TestNG] Time taken by org.testng.reporters.FailedReporter@68ed96ca: 15 ms
